<?xml version="1.0" encoding="UTF-8"?>
<!-- Generated by org.testng.reporters.JUnitReportReporter -->
<testsuite hostname="mac.lan" failures="0" tests="4" name="com.neotech.lesson02.Task02" time="45.751" errors="0" timestamp="2024-09-02T11:02:21 EDT" skipped="0">
  <testcase classname="com.neotech.lesson02.Task02" name="clickEmp" time="0.669"/>
  <system-out/>
  <testcase classname="com.neotech.lesson02.Task02" name="login" time="5.315"/>
  <system-out/>
  <testcase classname="com.neotech.lesson02.Task02" name="verify" time="15.067"/>
  <system-out/>
  <testcase classname="com.neotech.lesson02.Task02" name="addEmp" time="24.700"/>
  <system-out/>
</testsuite> <!-- com.neotech.lesson02.Task02 -->
