<?xml version="1.0" encoding="UTF-8"?>
<!-- Generated by org.testng.reporters.JUnitReportReporter -->
<testsuite hostname="mac.lan" failures="0" tests="1" name="com.neotech.lesson01.TestNGDemo" time="0.000" errors="0" timestamp="2024-09-03T20:57:49 EDT" skipped="0">
  <testcase classname="com.neotech.lesson01.TestNGDemo" name="testOne" time="0.000"/>
  <system-out/>
</testsuite> <!-- com.neotech.lesson01.TestNGDemo -->
