<?xml version="1.0" encoding="UTF-8"?>
<!-- Generated by org.testng.reporters.JUnitReportReporter -->
<testsuite hostname="mac.lan" failures="0" tests="5" name="com.neotech.lesson02.Task01" time="0.007" errors="0" timestamp="2024-09-01T21:21:52 EDT" skipped="1">
  <testcase classname="com.neotech.lesson02.Task01" name="fourthMethod" time="0.006"/>
  <system-out/>
  <testcase classname="com.neotech.lesson02.Task01" name="firstMethod" time="0.001"/>
  <system-out/>
  <testcase classname="com.neotech.lesson02.Task01" name="thirdMethod" time="0.000"/>
  <system-out/>
  <testcase classname="com.neotech.lesson02.Task01" name="secondMethod" time="0.000"/>
  <system-out/>
  <testcase classname="com.neotech.lesson02.Task01" name="firstMethod1">
    <skipped/>
  </testcase> <!-- firstMethod1 -->
  <system-out/>
</testsuite> <!-- com.neotech.lesson02.Task01 -->
