<?xml version="1.0" encoding="UTF-8"?>
<!-- Generated by org.testng.reporters.JUnitReportReporter -->
<testsuite hostname="mac.lan" failures="0" tests="4" name="com.neotech.lesson02.EnableAndDisable" time="0.008" errors="0" timestamp="2024-09-01T15:03:16 EDT" skipped="1">
  <testcase classname="com.neotech.lesson02.EnableAndDisable" name="firstTest" time="0.007"/>
  <system-out/>
  <testcase classname="com.neotech.lesson02.EnableAndDisable" name="thirdTest" time="0.000"/>
  <system-out/>
  <testcase classname="com.neotech.lesson02.EnableAndDisable" name="forthTest" time="0.001"/>
  <system-out/>
  <testcase classname="com.neotech.lesson02.EnableAndDisable" name="secondTest">
    <skipped/>
  </testcase> <!-- secondTest -->
  <system-out/>
</testsuite> <!-- com.neotech.lesson02.EnableAndDisable -->
