<?xml version="1.0" encoding="UTF-8"?>
<!-- Generated by org.testng.reporters.JUnitReportReporter -->
<testsuite hostname="mac.lan" failures="0" tests="5" name="com.neotech.lesson03.HomeWork01" time="0.003" errors="0" timestamp="2024-09-03T19:32:46 EDT" skipped="1">
  <testcase classname="com.neotech.lesson03.HomeWork01" name="firstMethod" time="0.001"/>
  <system-out/>
  <testcase classname="com.neotech.lesson03.HomeWork01" name="fourthMethod" time="0.001"/>
  <system-out/>
  <testcase classname="com.neotech.lesson03.HomeWork01" name="thirdMethod" time="0.000"/>
  <system-out/>
  <testcase classname="com.neotech.lesson03.HomeWork01" name="secondMethod" time="0.001"/>
  <system-out/>
  <testcase classname="com.neotech.lesson03.HomeWork01" name="firstMethod1">
    <skipped/>
  </testcase> <!-- firstMethod1 -->
  <system-out/>
</testsuite> <!-- com.neotech.lesson03.HomeWork01 -->
