<?xml version="1.0" encoding="UTF-8"?>
<!-- Generated by org.testng.reporters.JUnitReportReporter -->
<testsuite hostname="mac.lan" failures="0" tests="1" name="com.neotech.lesson03.DateProviderDemo" time="8.158" errors="0" timestamp="2024-09-03T21:28:47 EDT" skipped="0">
  <testcase classname="com.neotech.lesson03.DateProviderDemo" name="loginFunctionality" time="8.158"/>
  <system-out/>
</testsuite> <!-- com.neotech.lesson03.DateProviderDemo -->
