<?xml version="1.0" encoding="UTF-8"?>
<!-- Generated by org.testng.reporters.JUnitReportReporter -->
<testsuite hostname="mac.lan" failures="0" tests="2" name="com.neotech.lesson01.TestNGMoreAnnotations" time="0.007" errors="0" timestamp="2024-09-03T19:49:37 EDT" skipped="0">
  <testcase classname="com.neotech.lesson01.TestNGMoreAnnotations" name="testTwo" time="0.002"/>
  <system-out/>
  <testcase classname="com.neotech.lesson01.TestNGMoreAnnotations" name="testOne" time="0.005"/>
  <system-out/>
</testsuite> <!-- com.neotech.lesson01.TestNGMoreAnnotations -->
