<?xml version="1.0" encoding="UTF-8"?>
<!-- Generated by org.testng.reporters.JUnitReportReporter -->
<testsuite hostname="mac.lan" failures="0" tests="4" name="com.neotech.lesson03.GroupsDemo" time="0.010" errors="0" timestamp="2024-09-03T22:45:03 EDT" skipped="0">
  <testcase classname="com.neotech.lesson03.GroupsDemo" name="test3" time="0.001"/>
  <system-out/>
  <testcase classname="com.neotech.lesson03.GroupsDemo" name="test2" time="0.001"/>
  <system-out/>
  <testcase classname="com.neotech.lesson03.GroupsDemo" name="test1" time="0.007"/>
  <system-out/>
  <testcase classname="com.neotech.lesson03.GroupsDemo" name="test4" time="0.001"/>
  <system-out/>
</testsuite> <!-- com.neotech.lesson03.GroupsDemo -->
