<?xml version="1.0" encoding="UTF-8"?>
<!-- Generated by org.testng.reporters.JUnitReportReporter -->
<testsuite hostname="mac.lan" failures="0" tests="4" name="com.neotech.lesson03.HomeWork02" time="42.943" errors="0" timestamp="2024-09-03T19:32:46 EDT" skipped="0">
  <testcase classname="com.neotech.lesson03.HomeWork02" name="login" time="5.519"/>
  <system-out/>
  <testcase classname="com.neotech.lesson03.HomeWork02" name="clickEmp" time="0.672"/>
  <system-out/>
  <testcase classname="com.neotech.lesson03.HomeWork02" name="verify" time="15.072"/>
  <system-out/>
  <testcase classname="com.neotech.lesson03.HomeWork02" name="addEmp" time="21.680"/>
  <system-out/>
</testsuite> <!-- com.neotech.lesson03.HomeWork02 -->
